23:30:48 DEBUG : Logs will be stored at '/home/arthur/crypto/sw/IDE.log'.
23:30:49 INFO  : Launching XSCT server: xsct -n  -interactive /home/arthur/crypto/sw/temp_xsdb_launch_script.tcl
23:30:49 INFO  : Registering command handlers for Vitis TCF services
23:30:49 INFO  : Platform repository initialization has completed.
23:30:51 INFO  : XSCT server has started successfully.
23:30:51 INFO  : Successfully done setting XSCT server connection channel  
23:30:51 INFO  : plnx-install-location is set to ''
23:30:51 INFO  : Successfully done setting workspace for the tool. 
23:30:51 INFO  : Successfully done query RDI_DATADIR 
23:32:12 INFO  : Result from executing command 'getProjects': cryptolmap
23:32:12 INFO  : Result from executing command 'getPlatforms': xilinx_zcu102_base_202220_1|/tools/Xilinx/Vitis/2022.2/base_platforms/xilinx_zcu102_base_202220_1/xilinx_zcu102_base_202220_1.xpfm;xilinx_zcu102_base_dfx_202220_1|/tools/Xilinx/Vitis/2022.2/base_platforms/xilinx_zcu102_base_dfx_202220_1/xilinx_zcu102_base_dfx_202220_1.xpfm;xilinx_zcu104_base_202220_1|/tools/Xilinx/Vitis/2022.2/base_platforms/xilinx_zcu104_base_202220_1/xilinx_zcu104_base_202220_1.xpfm
23:32:12 WARN  : An unexpected exception occurred in the module 'platform project logging'
23:32:12 INFO  : Platform 'cryptolmap' is added to custom repositories.
23:32:22 INFO  : Platform 'cryptolmap' is added to custom repositories.
23:35:50 INFO  : Result from executing command 'getProjects': cryptolmap
23:35:50 INFO  : Result from executing command 'getPlatforms': cryptolmap|/home/arthur/crypto/sw/cryptolmap/export/cryptolmap/cryptolmap.xpfm;xilinx_zcu102_base_202220_1|/tools/Xilinx/Vitis/2022.2/base_platforms/xilinx_zcu102_base_202220_1/xilinx_zcu102_base_202220_1.xpfm;xilinx_zcu102_base_dfx_202220_1|/tools/Xilinx/Vitis/2022.2/base_platforms/xilinx_zcu102_base_dfx_202220_1/xilinx_zcu102_base_dfx_202220_1.xpfm;xilinx_zcu104_base_202220_1|/tools/Xilinx/Vitis/2022.2/base_platforms/xilinx_zcu104_base_202220_1/xilinx_zcu104_base_202220_1.xpfm
23:35:53 INFO  : Checking for BSP changes to sync application flags for project 'app'...
23:36:52 INFO  : Checking for BSP changes to sync application flags for project 'app'...
23:36:56 ERROR : (XSDB Server)readelf: Error: '/home/arthur/crypto/sw/cryptolmap/export/cryptolmap/sw/fsbl.elf': No such file

00:25:47 INFO  : Checking for BSP changes to sync application flags for project 'app'...
00:26:44 INFO  : Checking for BSP changes to sync application flags for project 'app'...
00:27:23 INFO  : Checking for BSP changes to sync application flags for project 'app'...
00:28:19 INFO  : Checking for BSP changes to sync application flags for project 'app'...
00:28:29 INFO  : Checking for BSP changes to sync application flags for project 'app'...
00:28:33 ERROR : (XSDB Server)readelf: Error: '/home/arthur/crypto/sw/cryptolmap/export/cryptolmap/sw/fsbl.elf': No such file

00:29:27 INFO  : Connected to target on host '127.0.0.1' and port '3121'.
00:29:28 INFO  : Jtag cable 'Xilinx HW-Z1-ZCU104 FT4232H 87066A' is selected.
00:29:28 INFO  : 'jtag frequency' command is executed.
00:29:28 INFO  : Sourcing of '/tools/Xilinx/Vitis/2022.2/scripts/vitis/util/zynqmp_utils.tcl' is done.
00:29:28 INFO  : Context for 'APU' is selected.
00:29:28 INFO  : System reset is completed.
00:29:31 INFO  : 'after 3000' command is executed.
00:29:31 INFO  : 'targets -set -filter {jtag_cable_name =~ "Xilinx HW-Z1-ZCU104 FT4232H 87066A" && level==0 && jtag_device_ctx=="jsn-HW-Z1-ZCU104 FT4232H-87066A-14730093-0"}' command is executed.
00:29:42 INFO  : Device configured successfully with "/home/arthur/crypto/sw/app/_ide/bitstream/cryptolmap.bit"
00:29:42 INFO  : Context for 'APU' is selected.
00:29:43 INFO  : Hardware design and registers information is loaded from '/home/arthur/crypto/sw/cryptolmap/export/cryptolmap/hw/cryptolmap.xsa'.
00:29:43 INFO  : 'configparams force-mem-access 1' command is executed.
00:29:43 INFO  : Context for 'APU' is selected.
00:29:43 INFO  : Boot mode is read from the target.
00:29:43 INFO  : Context for processor 'psu_cortexa53_0' is selected.
00:29:43 INFO  : Processor reset is completed for 'psu_cortexa53_0'.
00:29:44 INFO  : The application '/home/arthur/crypto/sw/cryptolmap/export/cryptolmap/sw/cryptolmap/boot/fsbl.elf' is downloaded to processor 'psu_cortexa53_0'.
00:29:44 INFO  : 'set bp_29_44_fsbl_bp [bpadd -addr &XFsbl_Exit]' command is executed.
00:29:45 INFO  : 'con -block -timeout 60' command is executed.
00:29:45 INFO  : 'bpremove $bp_29_44_fsbl_bp' command is executed.
00:29:45 INFO  : Context for processor 'psu_cortexa53_0' is selected.
00:29:45 INFO  : Processor reset is completed for 'psu_cortexa53_0'.
00:29:47 INFO  : The application '/home/arthur/crypto/sw/app/Debug/app.elf' is downloaded to processor 'psu_cortexa53_0'.
00:29:47 INFO  : 'configparams force-mem-access 0' command is executed.
00:29:47 INFO  : ----------------XSDB Script----------------
connect -url tcp:127.0.0.1:3121
source /tools/Xilinx/Vitis/2022.2/scripts/vitis/util/zynqmp_utils.tcl
targets -set -nocase -filter {name =~"APU*"}
rst -system
after 3000
targets -set -filter {jtag_cable_name =~ "Xilinx HW-Z1-ZCU104 FT4232H 87066A" && level==0 && jtag_device_ctx=="jsn-HW-Z1-ZCU104 FT4232H-87066A-14730093-0"}
fpga -file /home/arthur/crypto/sw/app/_ide/bitstream/cryptolmap.bit
targets -set -nocase -filter {name =~"APU*"}
loadhw -hw /home/arthur/crypto/sw/cryptolmap/export/cryptolmap/hw/cryptolmap.xsa -mem-ranges [list {0x80000000 0xbfffffff} {0x400000000 0x5ffffffff} {0x1000000000 0x7fffffffff}] -regs
configparams force-mem-access 1
targets -set -nocase -filter {name =~"APU*"}
set mode [expr [mrd -value 0xFF5E0200] & 0xf]
targets -set -nocase -filter {name =~ "*A53*#0"}
rst -processor
dow /home/arthur/crypto/sw/cryptolmap/export/cryptolmap/sw/cryptolmap/boot/fsbl.elf
set bp_29_44_fsbl_bp [bpadd -addr &XFsbl_Exit]
con -block -timeout 60
bpremove $bp_29_44_fsbl_bp
targets -set -nocase -filter {name =~ "*A53*#0"}
rst -processor
dow /home/arthur/crypto/sw/app/Debug/app.elf
configparams force-mem-access 0
----------------End of Script----------------

00:29:47 INFO  : Context for processor 'psu_cortexa53_0' is selected.
00:29:47 INFO  : 'con' command is executed.
00:29:47 INFO  : ----------------XSDB Script (After Launch)----------------
targets -set -nocase -filter {name =~ "*A53*#0"}
con
----------------End of Script----------------

00:29:47 INFO  : Launch script is exported to file '/home/arthur/crypto/sw/app_system/_ide/scripts/debugger_app-default.tcl'
00:30:22 INFO  : Checking for BSP changes to sync application flags for project 'app'...
00:30:27 ERROR : (XSDB Server)readelf: Error: '/home/arthur/crypto/sw/cryptolmap/export/cryptolmap/sw/fsbl.elf': No such file

00:30:38 INFO  : Disconnected from the channel tcfchan#4.
00:30:39 INFO  : Connected to target on host '127.0.0.1' and port '3121'.
00:30:39 INFO  : Jtag cable 'Xilinx HW-Z1-ZCU104 FT4232H 87066A' is selected.
00:30:39 INFO  : 'jtag frequency' command is executed.
00:30:39 INFO  : Sourcing of '/tools/Xilinx/Vitis/2022.2/scripts/vitis/util/zynqmp_utils.tcl' is done.
00:30:40 INFO  : Context for 'APU' is selected.
00:30:40 INFO  : System reset is completed.
00:30:43 INFO  : 'after 3000' command is executed.
00:30:43 INFO  : 'targets -set -filter {jtag_cable_name =~ "Xilinx HW-Z1-ZCU104 FT4232H 87066A" && level==0 && jtag_device_ctx=="jsn-HW-Z1-ZCU104 FT4232H-87066A-14730093-0"}' command is executed.
00:30:54 INFO  : Device configured successfully with "/home/arthur/crypto/sw/app/_ide/bitstream/cryptolmap.bit"
00:30:54 INFO  : Context for 'APU' is selected.
00:30:54 INFO  : Hardware design and registers information is loaded from '/home/arthur/crypto/sw/cryptolmap/export/cryptolmap/hw/cryptolmap.xsa'.
00:30:54 INFO  : 'configparams force-mem-access 1' command is executed.
00:30:54 INFO  : Context for 'APU' is selected.
00:30:54 INFO  : Boot mode is read from the target.
00:30:54 INFO  : Context for processor 'psu_cortexa53_0' is selected.
00:30:54 INFO  : Processor reset is completed for 'psu_cortexa53_0'.
00:30:55 INFO  : The application '/home/arthur/crypto/sw/cryptolmap/export/cryptolmap/sw/cryptolmap/boot/fsbl.elf' is downloaded to processor 'psu_cortexa53_0'.
00:30:55 INFO  : 'set bp_30_55_fsbl_bp [bpadd -addr &XFsbl_Exit]' command is executed.
00:30:56 INFO  : 'con -block -timeout 60' command is executed.
00:30:56 INFO  : 'bpremove $bp_30_55_fsbl_bp' command is executed.
00:30:56 INFO  : Context for processor 'psu_cortexa53_0' is selected.
00:30:56 INFO  : Processor reset is completed for 'psu_cortexa53_0'.
00:30:58 INFO  : The application '/home/arthur/crypto/sw/app/Debug/app.elf' is downloaded to processor 'psu_cortexa53_0'.
00:30:58 INFO  : 'configparams force-mem-access 0' command is executed.
00:30:58 INFO  : ----------------XSDB Script----------------
connect -url tcp:127.0.0.1:3121
source /tools/Xilinx/Vitis/2022.2/scripts/vitis/util/zynqmp_utils.tcl
targets -set -nocase -filter {name =~"APU*"}
rst -system
after 3000
targets -set -filter {jtag_cable_name =~ "Xilinx HW-Z1-ZCU104 FT4232H 87066A" && level==0 && jtag_device_ctx=="jsn-HW-Z1-ZCU104 FT4232H-87066A-14730093-0"}
fpga -file /home/arthur/crypto/sw/app/_ide/bitstream/cryptolmap.bit
targets -set -nocase -filter {name =~"APU*"}
loadhw -hw /home/arthur/crypto/sw/cryptolmap/export/cryptolmap/hw/cryptolmap.xsa -mem-ranges [list {0x80000000 0xbfffffff} {0x400000000 0x5ffffffff} {0x1000000000 0x7fffffffff}] -regs
configparams force-mem-access 1
targets -set -nocase -filter {name =~"APU*"}
set mode [expr [mrd -value 0xFF5E0200] & 0xf]
targets -set -nocase -filter {name =~ "*A53*#0"}
rst -processor
dow /home/arthur/crypto/sw/cryptolmap/export/cryptolmap/sw/cryptolmap/boot/fsbl.elf
set bp_30_55_fsbl_bp [bpadd -addr &XFsbl_Exit]
con -block -timeout 60
bpremove $bp_30_55_fsbl_bp
targets -set -nocase -filter {name =~ "*A53*#0"}
rst -processor
dow /home/arthur/crypto/sw/app/Debug/app.elf
configparams force-mem-access 0
----------------End of Script----------------

00:30:58 INFO  : Context for processor 'psu_cortexa53_0' is selected.
00:30:58 INFO  : 'con' command is executed.
00:30:58 INFO  : ----------------XSDB Script (After Launch)----------------
targets -set -nocase -filter {name =~ "*A53*#0"}
con
----------------End of Script----------------

00:30:58 INFO  : Launch script is exported to file '/home/arthur/crypto/sw/app_system/_ide/scripts/debugger_app-default.tcl'
00:31:58 INFO  : Checking for BSP changes to sync application flags for project 'app'...
00:32:03 ERROR : (XSDB Server)readelf: Error: '/home/arthur/crypto/sw/cryptolmap/export/cryptolmap/sw/fsbl.elf': No such file

00:32:14 INFO  : Disconnected from the channel tcfchan#6.
00:32:15 INFO  : Connected to target on host '127.0.0.1' and port '3121'.
00:32:15 INFO  : Jtag cable 'Xilinx HW-Z1-ZCU104 FT4232H 87066A' is selected.
00:32:15 INFO  : 'jtag frequency' command is executed.
00:32:15 INFO  : Sourcing of '/tools/Xilinx/Vitis/2022.2/scripts/vitis/util/zynqmp_utils.tcl' is done.
00:32:15 INFO  : Context for 'APU' is selected.
00:32:16 INFO  : System reset is completed.
00:32:19 INFO  : 'after 3000' command is executed.
00:32:19 INFO  : 'targets -set -filter {jtag_cable_name =~ "Xilinx HW-Z1-ZCU104 FT4232H 87066A" && level==0 && jtag_device_ctx=="jsn-HW-Z1-ZCU104 FT4232H-87066A-14730093-0"}' command is executed.
00:32:30 INFO  : Device configured successfully with "/home/arthur/crypto/sw/app/_ide/bitstream/cryptolmap.bit"
00:32:30 INFO  : Context for 'APU' is selected.
00:32:30 INFO  : Hardware design and registers information is loaded from '/home/arthur/crypto/sw/cryptolmap/export/cryptolmap/hw/cryptolmap.xsa'.
00:32:30 INFO  : 'configparams force-mem-access 1' command is executed.
00:32:30 INFO  : Context for 'APU' is selected.
00:32:30 INFO  : Boot mode is read from the target.
00:32:30 INFO  : Context for processor 'psu_cortexa53_0' is selected.
00:32:30 INFO  : Processor reset is completed for 'psu_cortexa53_0'.
00:32:30 INFO  : The application '/home/arthur/crypto/sw/cryptolmap/export/cryptolmap/sw/cryptolmap/boot/fsbl.elf' is downloaded to processor 'psu_cortexa53_0'.
00:32:30 INFO  : 'set bp_32_30_fsbl_bp [bpadd -addr &XFsbl_Exit]' command is executed.
00:32:31 INFO  : 'con -block -timeout 60' command is executed.
00:32:31 INFO  : 'bpremove $bp_32_30_fsbl_bp' command is executed.
00:32:31 INFO  : Context for processor 'psu_cortexa53_0' is selected.
00:32:31 INFO  : Processor reset is completed for 'psu_cortexa53_0'.
00:32:33 INFO  : The application '/home/arthur/crypto/sw/app/Debug/app.elf' is downloaded to processor 'psu_cortexa53_0'.
00:32:33 INFO  : 'configparams force-mem-access 0' command is executed.
00:32:33 INFO  : ----------------XSDB Script----------------
connect -url tcp:127.0.0.1:3121
source /tools/Xilinx/Vitis/2022.2/scripts/vitis/util/zynqmp_utils.tcl
targets -set -nocase -filter {name =~"APU*"}
rst -system
after 3000
targets -set -filter {jtag_cable_name =~ "Xilinx HW-Z1-ZCU104 FT4232H 87066A" && level==0 && jtag_device_ctx=="jsn-HW-Z1-ZCU104 FT4232H-87066A-14730093-0"}
fpga -file /home/arthur/crypto/sw/app/_ide/bitstream/cryptolmap.bit
targets -set -nocase -filter {name =~"APU*"}
loadhw -hw /home/arthur/crypto/sw/cryptolmap/export/cryptolmap/hw/cryptolmap.xsa -mem-ranges [list {0x80000000 0xbfffffff} {0x400000000 0x5ffffffff} {0x1000000000 0x7fffffffff}] -regs
configparams force-mem-access 1
targets -set -nocase -filter {name =~"APU*"}
set mode [expr [mrd -value 0xFF5E0200] & 0xf]
targets -set -nocase -filter {name =~ "*A53*#0"}
rst -processor
dow /home/arthur/crypto/sw/cryptolmap/export/cryptolmap/sw/cryptolmap/boot/fsbl.elf
set bp_32_30_fsbl_bp [bpadd -addr &XFsbl_Exit]
con -block -timeout 60
bpremove $bp_32_30_fsbl_bp
targets -set -nocase -filter {name =~ "*A53*#0"}
rst -processor
dow /home/arthur/crypto/sw/app/Debug/app.elf
configparams force-mem-access 0
----------------End of Script----------------

00:32:33 INFO  : Context for processor 'psu_cortexa53_0' is selected.
00:32:33 INFO  : 'con' command is executed.
00:32:33 INFO  : ----------------XSDB Script (After Launch)----------------
targets -set -nocase -filter {name =~ "*A53*#0"}
con
----------------End of Script----------------

00:32:33 INFO  : Launch script is exported to file '/home/arthur/crypto/sw/app_system/_ide/scripts/debugger_app-default.tcl'
00:33:56 INFO  : Checking for BSP changes to sync application flags for project 'app'...
00:34:01 ERROR : (XSDB Server)readelf: Error: '/home/arthur/crypto/sw/cryptolmap/export/cryptolmap/sw/fsbl.elf': No such file

00:34:13 INFO  : Disconnected from the channel tcfchan#8.
00:34:14 INFO  : Connected to target on host '127.0.0.1' and port '3121'.
00:34:14 INFO  : Jtag cable 'Xilinx HW-Z1-ZCU104 FT4232H 87066A' is selected.
00:34:14 INFO  : 'jtag frequency' command is executed.
00:34:14 INFO  : Sourcing of '/tools/Xilinx/Vitis/2022.2/scripts/vitis/util/zynqmp_utils.tcl' is done.
00:34:14 INFO  : Context for 'APU' is selected.
00:34:15 INFO  : System reset is completed.
00:34:18 INFO  : 'after 3000' command is executed.
00:34:18 INFO  : 'targets -set -filter {jtag_cable_name =~ "Xilinx HW-Z1-ZCU104 FT4232H 87066A" && level==0 && jtag_device_ctx=="jsn-HW-Z1-ZCU104 FT4232H-87066A-14730093-0"}' command is executed.
00:34:29 INFO  : Device configured successfully with "/home/arthur/crypto/sw/app/_ide/bitstream/cryptolmap.bit"
00:34:29 INFO  : Context for 'APU' is selected.
00:34:29 INFO  : Hardware design and registers information is loaded from '/home/arthur/crypto/sw/cryptolmap/export/cryptolmap/hw/cryptolmap.xsa'.
00:34:29 INFO  : 'configparams force-mem-access 1' command is executed.
00:34:29 INFO  : Context for 'APU' is selected.
00:34:29 INFO  : Boot mode is read from the target.
00:34:29 INFO  : Context for processor 'psu_cortexa53_0' is selected.
00:34:29 INFO  : Processor reset is completed for 'psu_cortexa53_0'.
00:34:29 INFO  : The application '/home/arthur/crypto/sw/cryptolmap/export/cryptolmap/sw/cryptolmap/boot/fsbl.elf' is downloaded to processor 'psu_cortexa53_0'.
00:34:29 INFO  : 'set bp_34_29_fsbl_bp [bpadd -addr &XFsbl_Exit]' command is executed.
00:34:30 INFO  : 'con -block -timeout 60' command is executed.
00:34:30 INFO  : 'bpremove $bp_34_29_fsbl_bp' command is executed.
00:34:30 INFO  : Context for processor 'psu_cortexa53_0' is selected.
00:34:31 INFO  : Processor reset is completed for 'psu_cortexa53_0'.
00:34:32 INFO  : The application '/home/arthur/crypto/sw/app/Debug/app.elf' is downloaded to processor 'psu_cortexa53_0'.
00:34:32 INFO  : 'configparams force-mem-access 0' command is executed.
00:34:32 INFO  : ----------------XSDB Script----------------
connect -url tcp:127.0.0.1:3121
source /tools/Xilinx/Vitis/2022.2/scripts/vitis/util/zynqmp_utils.tcl
targets -set -nocase -filter {name =~"APU*"}
rst -system
after 3000
targets -set -filter {jtag_cable_name =~ "Xilinx HW-Z1-ZCU104 FT4232H 87066A" && level==0 && jtag_device_ctx=="jsn-HW-Z1-ZCU104 FT4232H-87066A-14730093-0"}
fpga -file /home/arthur/crypto/sw/app/_ide/bitstream/cryptolmap.bit
targets -set -nocase -filter {name =~"APU*"}
loadhw -hw /home/arthur/crypto/sw/cryptolmap/export/cryptolmap/hw/cryptolmap.xsa -mem-ranges [list {0x80000000 0xbfffffff} {0x400000000 0x5ffffffff} {0x1000000000 0x7fffffffff}] -regs
configparams force-mem-access 1
targets -set -nocase -filter {name =~"APU*"}
set mode [expr [mrd -value 0xFF5E0200] & 0xf]
targets -set -nocase -filter {name =~ "*A53*#0"}
rst -processor
dow /home/arthur/crypto/sw/cryptolmap/export/cryptolmap/sw/cryptolmap/boot/fsbl.elf
set bp_34_29_fsbl_bp [bpadd -addr &XFsbl_Exit]
con -block -timeout 60
bpremove $bp_34_29_fsbl_bp
targets -set -nocase -filter {name =~ "*A53*#0"}
rst -processor
dow /home/arthur/crypto/sw/app/Debug/app.elf
configparams force-mem-access 0
----------------End of Script----------------

00:34:32 INFO  : Context for processor 'psu_cortexa53_0' is selected.
00:34:32 INFO  : 'con' command is executed.
00:34:32 INFO  : ----------------XSDB Script (After Launch)----------------
targets -set -nocase -filter {name =~ "*A53*#0"}
con
----------------End of Script----------------

00:34:32 INFO  : Launch script is exported to file '/home/arthur/crypto/sw/app_system/_ide/scripts/debugger_app-default.tcl'
00:35:54 INFO  : Checking for BSP changes to sync application flags for project 'app'...
00:35:59 ERROR : (XSDB Server)readelf: Error: '/home/arthur/crypto/sw/cryptolmap/export/cryptolmap/sw/fsbl.elf': No such file

01:10:41 INFO  : Checking for BSP changes to sync application flags for project 'app'...
01:10:46 ERROR : (XSDB Server)readelf: Error: '/home/arthur/crypto/sw/cryptolmap/export/cryptolmap/sw/fsbl.elf': No such file

01:10:52 INFO  : Disconnected from the channel tcfchan#10.
01:10:53 INFO  : Connected to target on host '127.0.0.1' and port '3121'.
01:11:02 INFO  : ----------------XSDB Script----------------
connect -url tcp:127.0.0.1:3121
----------------End of Script----------------

01:11:02 ERROR : Could not find ARM device on the board for connection 'Local'.
Check if the target is in:
1. Split JTAG - No operations are possible with ARM DAP.
2. Non JTAG bootmode - Bootrom may need time to enable DAP.
Please try again.


Troubleshooting hints:
1. Check whether board is connected to system properly.
2. In case of zynq board, check whether Digilent/Xilinx cable switch settings are correct.
3. If you are using Xilinx Platform Cable USB, ensure that status LED is green.
01:11:06 INFO  : Connected to target on host '127.0.0.1' and port '3121'.
01:11:06 INFO  : Jtag cable 'Xilinx HW-Z1-ZCU104 FT4232H 87066A' is selected.
01:11:06 INFO  : 'jtag frequency' command is executed.
01:11:06 INFO  : Sourcing of '/tools/Xilinx/Vitis/2022.2/scripts/vitis/util/zynqmp_utils.tcl' is done.
01:11:06 INFO  : Context for 'APU' is selected.
01:11:06 INFO  : System reset is completed.
01:11:09 INFO  : 'after 3000' command is executed.
01:11:10 INFO  : 'targets -set -filter {jtag_cable_name =~ "Xilinx HW-Z1-ZCU104 FT4232H 87066A" && level==0 && jtag_device_ctx=="jsn-HW-Z1-ZCU104 FT4232H-87066A-14730093-0"}' command is executed.
01:11:21 INFO  : Device configured successfully with "/home/arthur/crypto/sw/app/_ide/bitstream/cryptolmap.bit"
01:11:21 INFO  : Context for 'APU' is selected.
01:11:21 INFO  : Hardware design and registers information is loaded from '/home/arthur/crypto/sw/cryptolmap/export/cryptolmap/hw/cryptolmap.xsa'.
01:11:21 INFO  : 'configparams force-mem-access 1' command is executed.
01:11:21 INFO  : Context for 'APU' is selected.
01:11:21 INFO  : Boot mode is read from the target.
01:11:21 INFO  : Context for processor 'psu_cortexa53_0' is selected.
01:11:21 INFO  : Processor reset is completed for 'psu_cortexa53_0'.
01:11:21 INFO  : The application '/home/arthur/crypto/sw/cryptolmap/export/cryptolmap/sw/cryptolmap/boot/fsbl.elf' is downloaded to processor 'psu_cortexa53_0'.
01:11:21 INFO  : 'set bp_11_21_fsbl_bp [bpadd -addr &XFsbl_Exit]' command is executed.
01:11:22 INFO  : 'con -block -timeout 60' command is executed.
01:11:22 INFO  : 'bpremove $bp_11_21_fsbl_bp' command is executed.
01:11:22 INFO  : Context for processor 'psu_cortexa53_0' is selected.
01:11:22 INFO  : Processor reset is completed for 'psu_cortexa53_0'.
01:11:24 INFO  : The application '/home/arthur/crypto/sw/app/Debug/app.elf' is downloaded to processor 'psu_cortexa53_0'.
01:11:24 INFO  : 'configparams force-mem-access 0' command is executed.
01:11:24 INFO  : ----------------XSDB Script----------------
connect -url tcp:127.0.0.1:3121
source /tools/Xilinx/Vitis/2022.2/scripts/vitis/util/zynqmp_utils.tcl
targets -set -nocase -filter {name =~"APU*"}
rst -system
after 3000
targets -set -filter {jtag_cable_name =~ "Xilinx HW-Z1-ZCU104 FT4232H 87066A" && level==0 && jtag_device_ctx=="jsn-HW-Z1-ZCU104 FT4232H-87066A-14730093-0"}
fpga -file /home/arthur/crypto/sw/app/_ide/bitstream/cryptolmap.bit
targets -set -nocase -filter {name =~"APU*"}
loadhw -hw /home/arthur/crypto/sw/cryptolmap/export/cryptolmap/hw/cryptolmap.xsa -mem-ranges [list {0x80000000 0xbfffffff} {0x400000000 0x5ffffffff} {0x1000000000 0x7fffffffff}] -regs
configparams force-mem-access 1
targets -set -nocase -filter {name =~"APU*"}
set mode [expr [mrd -value 0xFF5E0200] & 0xf]
targets -set -nocase -filter {name =~ "*A53*#0"}
rst -processor
dow /home/arthur/crypto/sw/cryptolmap/export/cryptolmap/sw/cryptolmap/boot/fsbl.elf
set bp_11_21_fsbl_bp [bpadd -addr &XFsbl_Exit]
con -block -timeout 60
bpremove $bp_11_21_fsbl_bp
targets -set -nocase -filter {name =~ "*A53*#0"}
rst -processor
dow /home/arthur/crypto/sw/app/Debug/app.elf
configparams force-mem-access 0
----------------End of Script----------------

01:11:24 INFO  : Context for processor 'psu_cortexa53_0' is selected.
01:11:24 INFO  : 'con' command is executed.
01:11:24 INFO  : ----------------XSDB Script (After Launch)----------------
targets -set -nocase -filter {name =~ "*A53*#0"}
con
----------------End of Script----------------

01:11:24 INFO  : Launch script is exported to file '/home/arthur/crypto/sw/app_system/_ide/scripts/debugger_app-default.tcl'
01:12:25 INFO  : Checking for BSP changes to sync application flags for project 'app'...
01:12:30 ERROR : (XSDB Server)readelf: Error: '/home/arthur/crypto/sw/cryptolmap/export/cryptolmap/sw/fsbl.elf': No such file

01:12:41 INFO  : Checking for BSP changes to sync application flags for project 'app'...
01:12:46 ERROR : (XSDB Server)readelf: Error: '/home/arthur/crypto/sw/cryptolmap/export/cryptolmap/sw/fsbl.elf': No such file

01:13:04 INFO  : Disconnected from the channel tcfchan#13.
01:13:05 INFO  : Connected to target on host '127.0.0.1' and port '3121'.
01:13:06 INFO  : Jtag cable 'Xilinx HW-Z1-ZCU104 FT4232H 87066A' is selected.
01:13:06 INFO  : 'jtag frequency' command is executed.
01:13:06 INFO  : Sourcing of '/tools/Xilinx/Vitis/2022.2/scripts/vitis/util/zynqmp_utils.tcl' is done.
01:13:06 INFO  : Context for 'APU' is selected.
01:13:06 INFO  : System reset is completed.
01:13:09 INFO  : 'after 3000' command is executed.
01:13:09 INFO  : 'targets -set -filter {jtag_cable_name =~ "Xilinx HW-Z1-ZCU104 FT4232H 87066A" && level==0 && jtag_device_ctx=="jsn-HW-Z1-ZCU104 FT4232H-87066A-14730093-0"}' command is executed.
01:13:20 INFO  : Device configured successfully with "/home/arthur/crypto/sw/app/_ide/bitstream/cryptolmap.bit"
01:13:20 INFO  : Context for 'APU' is selected.
01:13:20 INFO  : Hardware design and registers information is loaded from '/home/arthur/crypto/sw/cryptolmap/export/cryptolmap/hw/cryptolmap.xsa'.
01:13:20 INFO  : 'configparams force-mem-access 1' command is executed.
01:13:20 INFO  : Context for 'APU' is selected.
01:13:20 INFO  : Boot mode is read from the target.
01:13:20 INFO  : Context for processor 'psu_cortexa53_0' is selected.
01:13:20 INFO  : Processor reset is completed for 'psu_cortexa53_0'.
01:13:21 INFO  : The application '/home/arthur/crypto/sw/cryptolmap/export/cryptolmap/sw/cryptolmap/boot/fsbl.elf' is downloaded to processor 'psu_cortexa53_0'.
01:13:21 INFO  : 'set bp_13_21_fsbl_bp [bpadd -addr &XFsbl_Exit]' command is executed.
01:13:22 INFO  : 'con -block -timeout 60' command is executed.
01:13:22 INFO  : 'bpremove $bp_13_21_fsbl_bp' command is executed.
01:13:22 INFO  : Context for processor 'psu_cortexa53_0' is selected.
01:13:22 INFO  : Processor reset is completed for 'psu_cortexa53_0'.
01:13:24 INFO  : The application '/home/arthur/crypto/sw/app/Debug/app.elf' is downloaded to processor 'psu_cortexa53_0'.
01:13:24 INFO  : 'configparams force-mem-access 0' command is executed.
01:13:24 INFO  : ----------------XSDB Script----------------
connect -url tcp:127.0.0.1:3121
source /tools/Xilinx/Vitis/2022.2/scripts/vitis/util/zynqmp_utils.tcl
targets -set -nocase -filter {name =~"APU*"}
rst -system
after 3000
targets -set -filter {jtag_cable_name =~ "Xilinx HW-Z1-ZCU104 FT4232H 87066A" && level==0 && jtag_device_ctx=="jsn-HW-Z1-ZCU104 FT4232H-87066A-14730093-0"}
fpga -file /home/arthur/crypto/sw/app/_ide/bitstream/cryptolmap.bit
targets -set -nocase -filter {name =~"APU*"}
loadhw -hw /home/arthur/crypto/sw/cryptolmap/export/cryptolmap/hw/cryptolmap.xsa -mem-ranges [list {0x80000000 0xbfffffff} {0x400000000 0x5ffffffff} {0x1000000000 0x7fffffffff}] -regs
configparams force-mem-access 1
targets -set -nocase -filter {name =~"APU*"}
set mode [expr [mrd -value 0xFF5E0200] & 0xf]
targets -set -nocase -filter {name =~ "*A53*#0"}
rst -processor
dow /home/arthur/crypto/sw/cryptolmap/export/cryptolmap/sw/cryptolmap/boot/fsbl.elf
set bp_13_21_fsbl_bp [bpadd -addr &XFsbl_Exit]
con -block -timeout 60
bpremove $bp_13_21_fsbl_bp
targets -set -nocase -filter {name =~ "*A53*#0"}
rst -processor
dow /home/arthur/crypto/sw/app/Debug/app.elf
configparams force-mem-access 0
----------------End of Script----------------

01:13:24 INFO  : Context for processor 'psu_cortexa53_0' is selected.
01:13:24 INFO  : 'con' command is executed.
01:13:24 INFO  : ----------------XSDB Script (After Launch)----------------
targets -set -nocase -filter {name =~ "*A53*#0"}
con
----------------End of Script----------------

01:13:24 INFO  : Launch script is exported to file '/home/arthur/crypto/sw/app_system/_ide/scripts/debugger_app-default.tcl'
01:13:37 INFO  : Disconnected from the channel tcfchan#16.
01:13:38 INFO  : Connected to target on host '127.0.0.1' and port '3121'.
01:13:47 INFO  : ----------------XSDB Script----------------
connect -url tcp:127.0.0.1:3121
----------------End of Script----------------

01:13:47 ERROR : Could not find ARM device on the board for connection 'Local'.
Check if the target is in:
1. Split JTAG - No operations are possible with ARM DAP.
2. Non JTAG bootmode - Bootrom may need time to enable DAP.
Please try again.


Troubleshooting hints:
1. Check whether board is connected to system properly.
2. In case of zynq board, check whether Digilent/Xilinx cable switch settings are correct.
3. If you are using Xilinx Platform Cable USB, ensure that status LED is green.
01:13:51 INFO  : Connected to target on host '127.0.0.1' and port '3121'.
01:13:51 INFO  : Jtag cable 'Xilinx HW-Z1-ZCU104 FT4232H 87066A' is selected.
01:13:51 INFO  : 'jtag frequency' command is executed.
01:13:51 INFO  : Sourcing of '/tools/Xilinx/Vitis/2022.2/scripts/vitis/util/zynqmp_utils.tcl' is done.
01:13:51 INFO  : Context for 'APU' is selected.
01:13:51 INFO  : System reset is completed.
01:13:55 INFO  : 'after 3000' command is executed.
01:13:55 INFO  : 'targets -set -filter {jtag_cable_name =~ "Xilinx HW-Z1-ZCU104 FT4232H 87066A" && level==0 && jtag_device_ctx=="jsn-HW-Z1-ZCU104 FT4232H-87066A-14730093-0"}' command is executed.
01:14:06 INFO  : Device configured successfully with "/home/arthur/crypto/sw/app/_ide/bitstream/cryptolmap.bit"
01:14:06 INFO  : Context for 'APU' is selected.
01:14:06 INFO  : Hardware design and registers information is loaded from '/home/arthur/crypto/sw/cryptolmap/export/cryptolmap/hw/cryptolmap.xsa'.
01:14:06 INFO  : 'configparams force-mem-access 1' command is executed.
01:14:06 INFO  : Context for 'APU' is selected.
01:14:06 INFO  : Boot mode is read from the target.
01:14:06 INFO  : Context for processor 'psu_cortexa53_0' is selected.
01:14:06 INFO  : Processor reset is completed for 'psu_cortexa53_0'.
01:14:06 INFO  : The application '/home/arthur/crypto/sw/cryptolmap/export/cryptolmap/sw/cryptolmap/boot/fsbl.elf' is downloaded to processor 'psu_cortexa53_0'.
01:14:06 INFO  : 'set bp_14_6_fsbl_bp [bpadd -addr &XFsbl_Exit]' command is executed.
01:14:07 INFO  : 'con -block -timeout 60' command is executed.
01:14:07 INFO  : 'bpremove $bp_14_6_fsbl_bp' command is executed.
01:14:07 INFO  : Context for processor 'psu_cortexa53_0' is selected.
01:14:07 INFO  : Processor reset is completed for 'psu_cortexa53_0'.
01:14:09 INFO  : The application '/home/arthur/crypto/sw/app/Debug/app.elf' is downloaded to processor 'psu_cortexa53_0'.
01:14:09 INFO  : 'configparams force-mem-access 0' command is executed.
01:14:09 INFO  : ----------------XSDB Script----------------
connect -url tcp:127.0.0.1:3121
source /tools/Xilinx/Vitis/2022.2/scripts/vitis/util/zynqmp_utils.tcl
targets -set -nocase -filter {name =~"APU*"}
rst -system
after 3000
targets -set -filter {jtag_cable_name =~ "Xilinx HW-Z1-ZCU104 FT4232H 87066A" && level==0 && jtag_device_ctx=="jsn-HW-Z1-ZCU104 FT4232H-87066A-14730093-0"}
fpga -file /home/arthur/crypto/sw/app/_ide/bitstream/cryptolmap.bit
targets -set -nocase -filter {name =~"APU*"}
loadhw -hw /home/arthur/crypto/sw/cryptolmap/export/cryptolmap/hw/cryptolmap.xsa -mem-ranges [list {0x80000000 0xbfffffff} {0x400000000 0x5ffffffff} {0x1000000000 0x7fffffffff}] -regs
configparams force-mem-access 1
targets -set -nocase -filter {name =~"APU*"}
set mode [expr [mrd -value 0xFF5E0200] & 0xf]
targets -set -nocase -filter {name =~ "*A53*#0"}
rst -processor
dow /home/arthur/crypto/sw/cryptolmap/export/cryptolmap/sw/cryptolmap/boot/fsbl.elf
set bp_14_6_fsbl_bp [bpadd -addr &XFsbl_Exit]
con -block -timeout 60
bpremove $bp_14_6_fsbl_bp
targets -set -nocase -filter {name =~ "*A53*#0"}
rst -processor
dow /home/arthur/crypto/sw/app/Debug/app.elf
configparams force-mem-access 0
----------------End of Script----------------

01:14:09 INFO  : Context for processor 'psu_cortexa53_0' is selected.
01:14:09 INFO  : 'con' command is executed.
01:14:09 INFO  : ----------------XSDB Script (After Launch)----------------
targets -set -nocase -filter {name =~ "*A53*#0"}
con
----------------End of Script----------------

01:14:09 INFO  : Launch script is exported to file '/home/arthur/crypto/sw/app_system/_ide/scripts/debugger_app-default.tcl'
01:14:49 INFO  : Checking for BSP changes to sync application flags for project 'app'...
01:14:53 ERROR : (XSDB Server)readelf: Error: '/home/arthur/crypto/sw/cryptolmap/export/cryptolmap/sw/fsbl.elf': No such file

01:15:34 INFO  : Checking for BSP changes to sync application flags for project 'app'...
01:15:38 ERROR : (XSDB Server)readelf: Error: '/home/arthur/crypto/sw/cryptolmap/export/cryptolmap/sw/fsbl.elf': No such file

01:15:56 INFO  : Disconnected from the channel tcfchan#17.
01:15:57 INFO  : Connected to target on host '127.0.0.1' and port '3121'.
01:15:57 INFO  : Jtag cable 'Xilinx HW-Z1-ZCU104 FT4232H 87066A' is selected.
01:15:57 INFO  : 'jtag frequency' command is executed.
01:15:57 INFO  : Sourcing of '/tools/Xilinx/Vitis/2022.2/scripts/vitis/util/zynqmp_utils.tcl' is done.
01:15:57 INFO  : Context for 'APU' is selected.
01:15:58 INFO  : System reset is completed.
01:16:01 INFO  : 'after 3000' command is executed.
01:16:01 INFO  : 'targets -set -filter {jtag_cable_name =~ "Xilinx HW-Z1-ZCU104 FT4232H 87066A" && level==0 && jtag_device_ctx=="jsn-HW-Z1-ZCU104 FT4232H-87066A-14730093-0"}' command is executed.
01:16:12 INFO  : Device configured successfully with "/home/arthur/crypto/sw/app/_ide/bitstream/cryptolmap.bit"
01:16:12 INFO  : Context for 'APU' is selected.
01:16:12 INFO  : Hardware design and registers information is loaded from '/home/arthur/crypto/sw/cryptolmap/export/cryptolmap/hw/cryptolmap.xsa'.
01:16:12 INFO  : 'configparams force-mem-access 1' command is executed.
01:16:12 INFO  : Context for 'APU' is selected.
01:16:12 INFO  : Boot mode is read from the target.
01:16:12 INFO  : Context for processor 'psu_cortexa53_0' is selected.
01:16:12 INFO  : Processor reset is completed for 'psu_cortexa53_0'.
01:16:12 INFO  : The application '/home/arthur/crypto/sw/cryptolmap/export/cryptolmap/sw/cryptolmap/boot/fsbl.elf' is downloaded to processor 'psu_cortexa53_0'.
01:16:12 INFO  : 'set bp_16_12_fsbl_bp [bpadd -addr &XFsbl_Exit]' command is executed.
01:16:13 INFO  : 'con -block -timeout 60' command is executed.
01:16:13 INFO  : 'bpremove $bp_16_12_fsbl_bp' command is executed.
01:16:13 INFO  : Context for processor 'psu_cortexa53_0' is selected.
01:16:14 INFO  : Processor reset is completed for 'psu_cortexa53_0'.
01:16:15 INFO  : The application '/home/arthur/crypto/sw/app/Debug/app.elf' is downloaded to processor 'psu_cortexa53_0'.
01:16:15 INFO  : 'configparams force-mem-access 0' command is executed.
01:16:15 INFO  : ----------------XSDB Script----------------
connect -url tcp:127.0.0.1:3121
source /tools/Xilinx/Vitis/2022.2/scripts/vitis/util/zynqmp_utils.tcl
targets -set -nocase -filter {name =~"APU*"}
rst -system
after 3000
targets -set -filter {jtag_cable_name =~ "Xilinx HW-Z1-ZCU104 FT4232H 87066A" && level==0 && jtag_device_ctx=="jsn-HW-Z1-ZCU104 FT4232H-87066A-14730093-0"}
fpga -file /home/arthur/crypto/sw/app/_ide/bitstream/cryptolmap.bit
targets -set -nocase -filter {name =~"APU*"}
loadhw -hw /home/arthur/crypto/sw/cryptolmap/export/cryptolmap/hw/cryptolmap.xsa -mem-ranges [list {0x80000000 0xbfffffff} {0x400000000 0x5ffffffff} {0x1000000000 0x7fffffffff}] -regs
configparams force-mem-access 1
targets -set -nocase -filter {name =~"APU*"}
set mode [expr [mrd -value 0xFF5E0200] & 0xf]
targets -set -nocase -filter {name =~ "*A53*#0"}
rst -processor
dow /home/arthur/crypto/sw/cryptolmap/export/cryptolmap/sw/cryptolmap/boot/fsbl.elf
set bp_16_12_fsbl_bp [bpadd -addr &XFsbl_Exit]
con -block -timeout 60
bpremove $bp_16_12_fsbl_bp
targets -set -nocase -filter {name =~ "*A53*#0"}
rst -processor
dow /home/arthur/crypto/sw/app/Debug/app.elf
configparams force-mem-access 0
----------------End of Script----------------

01:16:15 INFO  : Context for processor 'psu_cortexa53_0' is selected.
01:16:15 INFO  : 'con' command is executed.
01:16:15 INFO  : ----------------XSDB Script (After Launch)----------------
targets -set -nocase -filter {name =~ "*A53*#0"}
con
----------------End of Script----------------

01:16:15 INFO  : Launch script is exported to file '/home/arthur/crypto/sw/app_system/_ide/scripts/debugger_app-default.tcl'
01:52:16 INFO  : Checking for BSP changes to sync application flags for project 'app'...
01:52:21 ERROR : (XSDB Server)readelf: Error: '/home/arthur/crypto/sw/cryptolmap/export/cryptolmap/sw/fsbl.elf': No such file

01:52:36 INFO  : Disconnected from the channel tcfchan#20.
01:52:37 INFO  : Connected to target on host '127.0.0.1' and port '3121'.
01:52:37 INFO  : Jtag cable 'Xilinx HW-Z1-ZCU104 FT4232H 87066A' is selected.
01:52:37 INFO  : 'jtag frequency' command is executed.
01:52:37 INFO  : Sourcing of '/tools/Xilinx/Vitis/2022.2/scripts/vitis/util/zynqmp_utils.tcl' is done.
01:52:37 INFO  : Context for 'APU' is selected.
01:52:38 INFO  : System reset is completed.
01:52:41 INFO  : 'after 3000' command is executed.
01:52:41 INFO  : 'targets -set -filter {jtag_cable_name =~ "Xilinx HW-Z1-ZCU104 FT4232H 87066A" && level==0 && jtag_device_ctx=="jsn-HW-Z1-ZCU104 FT4232H-87066A-14730093-0"}' command is executed.
01:52:52 INFO  : Device configured successfully with "/home/arthur/crypto/sw/app/_ide/bitstream/cryptolmap.bit"
01:52:52 INFO  : Context for 'APU' is selected.
01:52:52 INFO  : Hardware design and registers information is loaded from '/home/arthur/crypto/sw/cryptolmap/export/cryptolmap/hw/cryptolmap.xsa'.
01:52:52 INFO  : 'configparams force-mem-access 1' command is executed.
01:52:52 INFO  : Context for 'APU' is selected.
01:52:52 INFO  : Boot mode is read from the target.
01:52:52 INFO  : Context for processor 'psu_cortexa53_0' is selected.
01:52:52 INFO  : Processor reset is completed for 'psu_cortexa53_0'.
01:52:52 INFO  : The application '/home/arthur/crypto/sw/cryptolmap/export/cryptolmap/sw/cryptolmap/boot/fsbl.elf' is downloaded to processor 'psu_cortexa53_0'.
01:52:52 INFO  : 'set bp_52_52_fsbl_bp [bpadd -addr &XFsbl_Exit]' command is executed.
01:52:53 INFO  : 'con -block -timeout 60' command is executed.
01:52:53 INFO  : 'bpremove $bp_52_52_fsbl_bp' command is executed.
01:52:53 INFO  : Context for processor 'psu_cortexa53_0' is selected.
01:52:53 INFO  : Processor reset is completed for 'psu_cortexa53_0'.
01:52:55 INFO  : The application '/home/arthur/crypto/sw/app/Debug/app.elf' is downloaded to processor 'psu_cortexa53_0'.
01:52:55 INFO  : 'configparams force-mem-access 0' command is executed.
01:52:55 INFO  : ----------------XSDB Script----------------
connect -url tcp:127.0.0.1:3121
source /tools/Xilinx/Vitis/2022.2/scripts/vitis/util/zynqmp_utils.tcl
targets -set -nocase -filter {name =~"APU*"}
rst -system
after 3000
targets -set -filter {jtag_cable_name =~ "Xilinx HW-Z1-ZCU104 FT4232H 87066A" && level==0 && jtag_device_ctx=="jsn-HW-Z1-ZCU104 FT4232H-87066A-14730093-0"}
fpga -file /home/arthur/crypto/sw/app/_ide/bitstream/cryptolmap.bit
targets -set -nocase -filter {name =~"APU*"}
loadhw -hw /home/arthur/crypto/sw/cryptolmap/export/cryptolmap/hw/cryptolmap.xsa -mem-ranges [list {0x80000000 0xbfffffff} {0x400000000 0x5ffffffff} {0x1000000000 0x7fffffffff}] -regs
configparams force-mem-access 1
targets -set -nocase -filter {name =~"APU*"}
set mode [expr [mrd -value 0xFF5E0200] & 0xf]
targets -set -nocase -filter {name =~ "*A53*#0"}
rst -processor
dow /home/arthur/crypto/sw/cryptolmap/export/cryptolmap/sw/cryptolmap/boot/fsbl.elf
set bp_52_52_fsbl_bp [bpadd -addr &XFsbl_Exit]
con -block -timeout 60
bpremove $bp_52_52_fsbl_bp
targets -set -nocase -filter {name =~ "*A53*#0"}
rst -processor
dow /home/arthur/crypto/sw/app/Debug/app.elf
configparams force-mem-access 0
----------------End of Script----------------

01:52:55 INFO  : Context for processor 'psu_cortexa53_0' is selected.
01:52:55 INFO  : 'con' command is executed.
01:52:55 INFO  : ----------------XSDB Script (After Launch)----------------
targets -set -nocase -filter {name =~ "*A53*#0"}
con
----------------End of Script----------------

01:52:55 INFO  : Launch script is exported to file '/home/arthur/crypto/sw/app_system/_ide/scripts/debugger_app-default.tcl'
