
*** Running vivado
    with args -log design_1_auto_pc_0.vds -m64 -product Vivado -mode batch -messageDb vivado.pb -notrace -source design_1_auto_pc_0.tcl


****** Vivado v2022.2 (64-bit)
  **** SW Build 3671981 on Fri Oct 14 04:59:54 MDT 2022
  **** IP Build 3669848 on Fri Oct 14 08:30:02 MDT 2022
    ** Copyright 1986-2022 Xilinx, Inc. All Rights Reserved.

source design_1_auto_pc_0.tcl -notrace
create_project: Time (s): cpu = 00:00:07 ; elapsed = 00:00:07 . Memory (MB): peak = 1323.059 ; gain = 0.023 ; free physical = 5979 ; free virtual = 54494
INFO: [IP_Flow 19-234] Refreshing IP repositories
INFO: [IP_Flow 19-1700] Loaded user IP repository '/home/arthur/crypto/hw/ip_repo'.
INFO: [IP_Flow 19-2313] Loaded Vivado IP repository '/tools/Xilinx/Vivado/2022.2/data/ip'.
INFO: [IP_Flow 19-6924] IPCACHE: Running cache check for IP inst: design_1_auto_pc_0
INFO: [IP_Flow 19-6922] IPCACHE: Exporting cached entry 8b7f62bdaa8cd402 to dir: /home/arthur/crypto/hw/hw.runs/design_1_auto_pc_0_synth_1
INFO: [IP_Flow 19-6928] IPCACHE: copied cached file /home/arthur/crypto/hw/hw.cache/ip/2022.2/8/b/8b7f62bdaa8cd402/design_1_auto_pc_1_sim_netlist.vhdl to /home/arthur/crypto/hw/hw.runs/design_1_auto_pc_0_synth_1/design_1_auto_pc_0_sim_netlist.vhdl.
INFO: [IP_Flow 19-6928] IPCACHE: copied cached file /home/arthur/crypto/hw/hw.cache/ip/2022.2/8/b/8b7f62bdaa8cd402/design_1_auto_pc_1_stub.v to /home/arthur/crypto/hw/hw.runs/design_1_auto_pc_0_synth_1/design_1_auto_pc_0_stub.v.
INFO: [IP_Flow 19-6928] IPCACHE: copied cached file /home/arthur/crypto/hw/hw.cache/ip/2022.2/8/b/8b7f62bdaa8cd402/design_1_auto_pc_1.dcp to /home/arthur/crypto/hw/hw.runs/design_1_auto_pc_0_synth_1/design_1_auto_pc_0.dcp.
INFO: [IP_Flow 19-6928] IPCACHE: copied cached file /home/arthur/crypto/hw/hw.cache/ip/2022.2/8/b/8b7f62bdaa8cd402/design_1_auto_pc_1_sim_netlist.v to /home/arthur/crypto/hw/hw.runs/design_1_auto_pc_0_synth_1/design_1_auto_pc_0_sim_netlist.v.
INFO: [IP_Flow 19-6928] IPCACHE: copied cached file /home/arthur/crypto/hw/hw.cache/ip/2022.2/8/b/8b7f62bdaa8cd402/design_1_auto_pc_1_stub.vhdl to /home/arthur/crypto/hw/hw.runs/design_1_auto_pc_0_synth_1/design_1_auto_pc_0_stub.vhdl.
INFO: [IP_Flow 19-4838] Using cached IP synthesis design for IP design_1_auto_pc_0, cache-ID = 8b7f62bdaa8cd402.
INFO: [Common 17-206] Exiting Vivado at Mon Jun 12 14:54:48 2023...
